# JRE version: OpenJDK Runtime Environment Temurin-21.0.3+9 (21.0.3+9) (build 21.0.3+9-LTS)
# Java VM: OpenJDK 64-Bit Server VM Temurin-21.0.3+9 (21.0.3+9-LTS, mixed mode, emulated-client, tiered, compressed oops, compressed class ptrs, g1 gc, windows-amd64)
GC Precious Log:
 CardTable entry size: 512
 Card Set container configuration: InlinePtr #cards 5 size 8 Array Of Cards #cards 12 size 40 Howl #buckets 4 coarsen threshold 1843 Howl Bitmap #cards 512 size 80 coarsen threshold 460 Card regions per heap region 1 cards per card region 2048
 CPUs: 8 total, 8 available
 Memory: 7911M
 Large Page Support: Disabled
 NUMA Support: Disabled
 Compressed Oops: Enabled (32-bit)
 Heap Region Size: 1M
 Heap Min Capacity: 8M
 Heap Initial Capacity: 124M
 Heap Max Capacity: 1978M
 Pre-touch: Disabled
 Parallel Workers: 8
 Concurrent Workers: 2
 Concurrent Refinement Workers: 8
 Periodic GC: Disabled
Heap:
 garbage-first heap   total 86016K, used 73384K [0x0000000084600000, 0x0000000100000000)
  region size 1024K, 45 young (46080K), 2 survivors (2048K)
 Metaspace       used 82873K, committed 83904K, reserved 1179648K
  class space    used 10960K, committed 11328K, reserved 1048576K
GC Heap History (20 events):
Event: 81121.317 GC heap after
{Heap after GC invocations=100 (full 11):
 garbage-first heap   total 86016K, used 25603K [0x0000000084600000, 0x0000000100000000)
  region size 1024K, 0 young (0K), 0 survivors (0K)
 Metaspace       used 82702K, committed 83904K, reserved 1179648K
  class space    used 10932K, committed 11328K, reserved 1048576K
}
Event: 81121.749 GC heap before
{Heap before GC invocations=100 (full 11):
 garbage-first heap   total 86016K, used 72707K [0x0000000084600000, 0x0000000100000000)
  region size 1024K, 47 young (48128K), 0 survivors (0K)
 Metaspace       used 82748K, committed 83904K, reserved 1179648K
  class space    used 10942K, committed 11328K, reserved 1048576K
}
Event: 81121.755 GC heap after
{Heap after GC invocations=101 (full 11):
 garbage-first heap   total 86016K, used 29188K [0x0000000084600000, 0x0000000100000000)
  region size 1024K, 4 young (4096K), 4 survivors (4096K)
 Metaspace       used 82748K, committed 83904K, reserved 1179648K
  class space    used 10942K, committed 11328K, reserved 1048576K
}
Event: 81509.832 GC heap before
{Heap before GC invocations=102 (full 11):
 garbage-first heap   total 86016K, used 72174K [0x0000000084600000, 0x0000000100000000)
  region size 1024K, 47 young (48128K), 4 survivors (4096K)
 Metaspace       used 83005K, committed 83904K, reserved 1179648K
  class space    used 10977K, committed 11328K, reserved 1048576K
}
Event: 81509.864 GC heap after
{Heap after GC invocations=103 (full 11):
 garbage-first heap   total 86016K, used 31501K [0x0000000084600000, 0x0000000100000000)
  region size 1024K, 4 young (4096K), 4 survivors (4096K)
 Metaspace       used 83005K, committed 83904K, reserved 1179648K
  class space    used 10977K, committed 11328K, reserved 1048576K
}
Event: 81720.629 GC heap before
{Heap before GC invocations=103 (full 11):
 garbage-first heap   total 86016K, used 47885K [0x0000000084600000, 0x0000000100000000)
  region size 1024K, 22 young (22528K), 4 survivors (4096K)
 Metaspace       used 83029K, committed 83904K, reserved 1179648K
  class space    used 10981K, committed 11328K, reserved 1048576K
}
Event: 81720.825 GC heap after
{Heap after GC invocations=104 (full 12):
 garbage-first heap   total 86016K, used 23662K [0x0000000084600000, 0x0000000100000000)
  region size 1024K, 0 young (0K), 0 survivors (0K)
 Metaspace       used 82760K, committed 83904K, reserved 1179648K
  class space    used 10939K, committed 11328K, reserved 1048576K
}
Event: 81721.837 GC heap before
{Heap before GC invocations=104 (full 12):
 garbage-first heap   total 86016K, used 71790K [0x0000000084600000, 0x0000000100000000)
  region size 1024K, 48 young (49152K), 0 survivors (0K)
 Metaspace       used 82919K, committed 83904K, reserved 1179648K
  class space    used 10980K, committed 11328K, reserved 1048576K
}
Event: 81721.844 GC heap after
{Heap after GC invocations=105 (full 12):
 garbage-first heap   total 86016K, used 28465K [0x0000000084600000, 0x0000000100000000)
  region size 1024K, 5 young (5120K), 5 survivors (5120K)
 Metaspace       used 82919K, committed 83904K, reserved 1179648K
  class space    used 10980K, committed 11328K, reserved 1048576K
}
Event: 82118.956 GC heap before
{Heap before GC invocations=106 (full 12):
 garbage-first heap   total 86016K, used 71473K [0x0000000084600000, 0x0000000100000000)
  region size 1024K, 48 young (49152K), 5 survivors (5120K)
 Metaspace       used 83130K, committed 83904K, reserved 1179648K
  class space    used 11009K, committed 11328K, reserved 1048576K
}
Event: 82118.978 GC heap after
{Heap after GC invocations=107 (full 12):
 garbage-first heap   total 86016K, used 31095K [0x0000000084600000, 0x0000000100000000)
  region size 1024K, 4 young (4096K), 4 survivors (4096K)
 Metaspace       used 83130K, committed 83904K, reserved 1179648K
  class space    used 11009K, committed 11328K, reserved 1048576K
}
Event: 82248.927 GC heap before
{Heap before GC invocations=107 (full 12):
 garbage-first heap   total 86016K, used 40311K [0x0000000084600000, 0x0000000100000000)
  region size 1024K, 14 young (14336K), 4 survivors (4096K)
 Metaspace       used 83145K, committed 83904K, reserved 1179648K
  class space    used 11012K, committed 11328K, reserved 1048576K
}
Event: 82249.139 GC heap after
{Heap after GC invocations=108 (full 13):
 garbage-first heap   total 86016K, used 23746K [0x0000000084600000, 0x0000000100000000)
  region size 1024K, 0 young (0K), 0 survivors (0K)
 Metaspace       used 82764K, committed 83904K, reserved 1179648K
  class space    used 10941K, committed 11328K, reserved 1048576K
}
Event: 82250.662 GC heap before
{Heap before GC invocations=108 (full 13):
 garbage-first heap   total 86016K, used 71874K [0x0000000084600000, 0x0000000100000000)
  region size 1024K, 48 young (49152K), 0 survivors (0K)
 Metaspace       used 82914K, committed 83904K, reserved 1179648K
  class space    used 10980K, committed 11328K, reserved 1048576K
}
Event: 82250.667 GC heap after
{Heap after GC invocations=109 (full 13):
 garbage-first heap   total 86016K, used 28710K [0x0000000084600000, 0x0000000100000000)
  region size 1024K, 5 young (5120K), 5 survivors (5120K)
 Metaspace       used 82914K, committed 83904K, reserved 1179648K
  class space    used 10980K, committed 11328K, reserved 1048576K
}
Event: 82322.715 GC heap before
{Heap before GC invocations=110 (full 13):
 garbage-first heap   total 86016K, used 57382K [0x0000000084600000, 0x0000000100000000)
  region size 1024K, 34 young (34816K), 5 survivors (5120K)
 Metaspace       used 83110K, committed 83904K, reserved 1179648K
  class space    used 11004K, committed 11328K, reserved 1048576K
}
Event: 82322.759 GC heap after
{Heap after GC invocations=111 (full 14):
 garbage-first heap   total 86016K, used 25674K [0x0000000084600000, 0x0000000100000000)
  region size 1024K, 0 young (0K), 0 survivors (0K)
 Metaspace       used 82878K, committed 83904K, reserved 1179648K
  class space    used 10971K, committed 11328K, reserved 1048576K
}
Event: 82323.407 GC heap before
{Heap before GC invocations=111 (full 14):
 garbage-first heap   total 86016K, used 71754K [0x0000000084600000, 0x0000000100000000)
  region size 1024K, 46 young (47104K), 0 survivors (0K)
 Metaspace       used 82908K, committed 83904K, reserved 1179648K
  class space    used 10978K, committed 11328K, reserved 1048576K
}
Event: 82323.410 GC heap after
{Heap after GC invocations=112 (full 14):
 garbage-first heap   total 86016K, used 29352K [0x0000000084600000, 0x0000000100000000)
  region size 1024K, 4 young (4096K), 4 survivors (4096K)
 Metaspace       used 82908K, committed 83904K, reserved 1179648K
  class space    used 10978K, committed 11328K, reserved 1048576K
}
Event: 83933.487 GC heap before
{Heap before GC invocations=113 (full 14):
 garbage-first heap   total 86016K, used 73384K [0x0000000084600000, 0x0000000100000000)
  region size 1024K, 47 young (48128K), 4 survivors (4096K)
 Metaspace       used 82873K, committed 83904K, reserved 1179648K
  class space    used 10960K, committed 11328K, reserved 1048576K
}

