# JRE version: OpenJDK Runtime Environment Temurin-21.0.3+9 (21.0.3+9) (build 21.0.3+9-LTS)
# Java VM: OpenJDK 64-Bit Server VM Temurin-21.0.3+9 (21.0.3+9-LTS, mixed mode, emulated-client, tiered, compressed oops, compressed class ptrs, g1 gc, windows-amd64)
GC Precious Log:
 CardTable entry size: 512
 Card Set container configuration: InlinePtr #cards 5 size 8 Array Of Cards #cards 12 size 40 Howl #buckets 4 coarsen threshold 1843 Howl Bitmap #cards 512 size 80 coarsen threshold 460 Card regions per heap region 1 cards per card region 2048
 CPUs: 8 total, 8 available
 Memory: 7911M
 Large Page Support: Disabled
 NUMA Support: Disabled
 Compressed Oops: Enabled (32-bit)
 Heap Region Size: 1M
 Heap Min Capacity: 8M
 Heap Initial Capacity: 124M
 Heap Max Capacity: 1978M
 Pre-touch: Disabled
 Parallel Workers: 8
 Concurrent Workers: 2
 Concurrent Refinement Workers: 8
 Periodic GC: Disabled
Heap:
 garbage-first heap   total 48128K, used 33935K [0x0000000084600000, 0x0000000100000000)
  region size 1024K, 21 young (21504K), 0 survivors (0K)
 Metaspace       used 43484K, committed 44416K, reserved 1114112K
  class space    used 5228K, committed 5568K, reserved 1048576K
GC Heap History (20 events):
Event: 2.923 GC heap before
{Heap before GC invocations=12 (full 0):
 garbage-first heap   total 48128K, used 38340K [0x0000000084600000, 0x0000000100000000)
  region size 1024K, 28 young (28672K), 4 survivors (4096K)
 Metaspace       used 39825K, committed 40448K, reserved 1114112K
  class space    used 4765K, committed 5056K, reserved 1048576K
}
Event: 2.926 GC heap after
{Heap after GC invocations=13 (full 0):
 garbage-first heap   total 64512K, used 15304K [0x0000000084600000, 0x0000000100000000)
  region size 1024K, 3 young (3072K), 3 survivors (3072K)
 Metaspace       used 39825K, committed 40448K, reserved 1114112K
  class space    used 4765K, committed 5056K, reserved 1048576K
}
Event: 33.282 GC heap before
{Heap before GC invocations=13 (full 0):
 garbage-first heap   total 64512K, used 49096K [0x0000000084600000, 0x0000000100000000)
  region size 1024K, 37 young (37888K), 3 survivors (3072K)
 Metaspace       used 43244K, committed 43840K, reserved 1114112K
  class space    used 5230K, committed 5504K, reserved 1048576K
}
Event: 33.286 GC heap after
{Heap after GC invocations=14 (full 0):
 garbage-first heap   total 64512K, used 16802K [0x0000000084600000, 0x0000000100000000)
  region size 1024K, 4 young (4096K), 4 survivors (4096K)
 Metaspace       used 43244K, committed 43840K, reserved 1114112K
  class space    used 5230K, committed 5504K, reserved 1048576K
}
Event: 35.084 GC heap before
{Heap before GC invocations=14 (full 0):
 garbage-first heap   total 64512K, used 18850K [0x0000000084600000, 0x0000000100000000)
  region size 1024K, 7 young (7168K), 4 survivors (4096K)
 Metaspace       used 43405K, committed 43968K, reserved 1114112K
  class space    used 5256K, committed 5504K, reserved 1048576K
}
Event: 35.105 GC heap after
{Heap after GC invocations=15 (full 1):
 garbage-first heap   total 55296K, used 14078K [0x0000000084600000, 0x0000000100000000)
  region size 1024K, 0 young (0K), 0 survivors (0K)
 Metaspace       used 43405K, committed 43968K, reserved 1114112K
  class space    used 5256K, committed 5504K, reserved 1048576K
}
Event: 68.659 GC heap before
{Heap before GC invocations=15 (full 1):
 garbage-first heap   total 55296K, used 43774K [0x0000000084600000, 0x0000000100000000)
  region size 1024K, 31 young (31744K), 0 survivors (0K)
 Metaspace       used 43771K, committed 44416K, reserved 1114112K
  class space    used 5302K, committed 5568K, reserved 1048576K
}
Event: 68.697 GC heap after
{Heap after GC invocations=16 (full 2):
 garbage-first heap   total 51200K, used 14180K [0x0000000084600000, 0x0000000100000000)
  region size 1024K, 0 young (0K), 0 survivors (0K)
 Metaspace       used 43769K, committed 44416K, reserved 1114112K
  class space    used 5302K, committed 5568K, reserved 1048576K
}
Event: 300.759 GC heap before
{Heap before GC invocations=16 (full 2):
 garbage-first heap   total 51200K, used 43876K [0x0000000084600000, 0x0000000100000000)
  region size 1024K, 29 young (29696K), 0 survivors (0K)
 Metaspace       used 43780K, committed 44416K, reserved 1114112K
  class space    used 5304K, committed 5568K, reserved 1048576K
}
Event: 300.765 GC heap after
{Heap after GC invocations=17 (full 2):
 garbage-first heap   total 51200K, used 16572K [0x0000000084600000, 0x0000000100000000)
  region size 1024K, 3 young (3072K), 3 survivors (3072K)
 Metaspace       used 43780K, committed 44416K, reserved 1114112K
  class space    used 5304K, committed 5568K, reserved 1048576K
}
Event: 850.870 GC heap before
{Heap before GC invocations=17 (full 2):
 garbage-first heap   total 51200K, used 23740K [0x0000000084600000, 0x0000000100000000)
  region size 1024K, 11 young (11264K), 3 survivors (3072K)
 Metaspace       used 43783K, committed 44416K, reserved 1114112K
  class space    used 5305K, committed 5568K, reserved 1048576K
}
Event: 850.928 GC heap after
{Heap after GC invocations=18 (full 3):
 garbage-first heap   total 48128K, used 11934K [0x0000000084600000, 0x0000000100000000)
  region size 1024K, 0 young (0K), 0 survivors (0K)
 Metaspace       used 43420K, committed 44416K, reserved 1114112K
  class space    used 5212K, committed 5568K, reserved 1048576K
}
Event: 851.972 GC heap before
{Heap before GC invocations=18 (full 3):
 garbage-first heap   total 48128K, used 39582K [0x0000000084600000, 0x0000000100000000)
  region size 1024K, 27 young (27648K), 0 survivors (0K)
 Metaspace       used 43567K, committed 44416K, reserved 1114112K
  class space    used 5250K, committed 5568K, reserved 1048576K
}
Event: 851.977 GC heap after
{Heap after GC invocations=19 (full 3):
 garbage-first heap   total 48128K, used 16030K [0x0000000084600000, 0x0000000100000000)
  region size 1024K, 4 young (4096K), 4 survivors (4096K)
 Metaspace       used 43567K, committed 44416K, reserved 1114112K
  class space    used 5250K, committed 5568K, reserved 1048576K
}
Event: 974.864 GC heap before
{Heap before GC invocations=19 (full 3):
 garbage-first heap   total 48128K, used 20126K [0x0000000084600000, 0x0000000100000000)
  region size 1024K, 9 young (9216K), 4 survivors (4096K)
 Metaspace       used 43582K, committed 44416K, reserved 1114112K
  class space    used 5253K, committed 5568K, reserved 1048576K
}
Event: 974.890 GC heap after
{Heap after GC invocations=20 (full 4):
 garbage-first heap   total 48128K, used 13470K [0x0000000084600000, 0x0000000100000000)
  region size 1024K, 0 young (0K), 0 survivors (0K)
 Metaspace       used 43526K, committed 44416K, reserved 1114112K
  class space    used 5240K, committed 5568K, reserved 1048576K
}
Event: 975.210 GC heap before
{Heap before GC invocations=20 (full 4):
 garbage-first heap   total 48128K, used 38046K [0x0000000084600000, 0x0000000100000000)
  region size 1024K, 24 young (24576K), 0 survivors (0K)
 Metaspace       used 43539K, committed 44416K, reserved 1114112K
  class space    used 5242K, committed 5568K, reserved 1048576K
}
Event: 975.213 GC heap after
{Heap after GC invocations=21 (full 4):
 garbage-first heap   total 48128K, used 16168K [0x0000000084600000, 0x0000000100000000)
  region size 1024K, 3 young (3072K), 3 survivors (3072K)
 Metaspace       used 43539K, committed 44416K, reserved 1114112K
  class space    used 5242K, committed 5568K, reserved 1048576K
}
Event: 1405.509 GC heap before
{Heap before GC invocations=21 (full 4):
 garbage-first heap   total 48128K, used 24360K [0x0000000084600000, 0x0000000100000000)
  region size 1024K, 12 young (12288K), 3 survivors (3072K)
 Metaspace       used 43541K, committed 44416K, reserved 1114112K
  class space    used 5243K, committed 5568K, reserved 1048576K
}
Event: 1405.565 GC heap after
{Heap after GC invocations=22 (full 5):
 garbage-first heap   total 48128K, used 13455K [0x0000000084600000, 0x0000000100000000)
  region size 1024K, 0 young (0K), 0 survivors (0K)
 Metaspace       used 43465K, committed 44416K, reserved 1114112K
  class space    used 5222K, committed 5568K, reserved 1048576K
}

